<?xml version="1.0" encoding="UTF-8"?>
<!-- Generated by org.testng.reporters.JUnitReportReporter -->
<testsuite hostname="Joy" failures="0" tests="1" name="luma.ny.myrunner.MyRunner" time="4.690" errors="0" timestamp="05 Dec 2023 01:14:01 GMT" skipped="0">
  <testcase classname="luma.ny.myrunner.MyRunner" name="runScenario" time="4.690"/>
</testsuite> <!-- luma.ny.myrunner.MyRunner -->
